mode: atomic
github.com/mathif92/auth-service/internal/services/token.go:18.40,20.2 1 0
github.com/mathif92/auth-service/internal/services/token.go:22.78,35.16 9 0
github.com/mathif92/auth-service/internal/services/token.go:39.2,39.25 1 0
github.com/mathif92/auth-service/internal/services/token.go:35.16,37.3 1 0
github.com/mathif92/auth-service/internal/services/token.go:42.61,43.82 1 0
github.com/mathif92/auth-service/internal/services/token.go:43.82,45.45 2 0
github.com/mathif92/auth-service/internal/services/token.go:45.45,47.49 2 0
github.com/mathif92/auth-service/internal/services/token.go:51.4,51.90 1 0
github.com/mathif92/auth-service/internal/services/token.go:55.4,55.18 1 0
github.com/mathif92/auth-service/internal/services/token.go:63.4,63.22 1 0
github.com/mathif92/auth-service/internal/services/token.go:47.49,49.5 1 0
github.com/mathif92/auth-service/internal/services/token.go:51.90,53.5 1 0
github.com/mathif92/auth-service/internal/services/token.go:55.18,57.133 2 0
github.com/mathif92/auth-service/internal/services/token.go:57.133,59.6 1 0
github.com/mathif92/auth-service/internal/services/token.go:63.22,64.57 1 0
github.com/mathif92/auth-service/internal/services/token.go:69.5,69.36 1 0
github.com/mathif92/auth-service/internal/services/token.go:64.57,65.115 1 0
github.com/mathif92/auth-service/internal/services/token.go:65.115,67.7 1 0
github.com/mathif92/auth-service/internal/services/token.go:70.10,71.111 1 0
github.com/mathif92/auth-service/internal/services/token.go:71.111,73.6 1 0
github.com/mathif92/auth-service/internal/services/token.go:75.9,76.110 1 0
github.com/mathif92/auth-service/internal/services/token.go:76.110,78.5 1 0
github.com/mathif92/auth-service/internal/services/token.go:83.59,86.2 1 0
github.com/mathif92/auth-service/internal/db/helpers.go:11.134,15.40 3 0
github.com/mathif92/auth-service/internal/db/helpers.go:19.2,24.37 4 0
github.com/mathif92/auth-service/internal/db/helpers.go:28.2,32.22 3 0
github.com/mathif92/auth-service/internal/db/helpers.go:36.2,39.16 3 0
github.com/mathif92/auth-service/internal/db/helpers.go:43.2,43.12 1 0
github.com/mathif92/auth-service/internal/db/helpers.go:15.40,18.3 2 0
github.com/mathif92/auth-service/internal/db/helpers.go:24.37,27.3 2 0
github.com/mathif92/auth-service/internal/db/helpers.go:32.22,34.3 1 0
github.com/mathif92/auth-service/internal/db/helpers.go:39.16,41.3 1 0
github.com/mathif92/auth-service/internal/handlers/credentials.go:21.83,23.2 1 0
github.com/mathif92/auth-service/internal/handlers/credentials.go:25.81,28.53 3 0
github.com/mathif92/auth-service/internal/handlers/credentials.go:32.2,36.17 1 0
github.com/mathif92/auth-service/internal/handlers/credentials.go:41.2,41.46 1 0
github.com/mathif92/auth-service/internal/handlers/credentials.go:28.53,31.3 2 0
github.com/mathif92/auth-service/internal/handlers/credentials.go:36.17,39.3 2 0
github.com/mathif92/auth-service/internal/handlers/credentials.go:44.83,47.53 3 0
github.com/mathif92/auth-service/internal/handlers/credentials.go:52.2,57.16 2 0
github.com/mathif92/auth-service/internal/handlers/credentials.go:62.2,62.74 1 0
github.com/mathif92/auth-service/internal/handlers/credentials.go:47.53,50.3 2 0
github.com/mathif92/auth-service/internal/handlers/credentials.go:57.16,60.3 2 0
github.com/mathif92/auth-service/internal/handlers/credentials.go:65.74,66.73 1 0
github.com/mathif92/auth-service/internal/handlers/credentials.go:66.73,70.17 4 0
github.com/mathif92/auth-service/internal/handlers/credentials.go:74.3,75.17 2 0
github.com/mathif92/auth-service/internal/handlers/credentials.go:79.3,80.42 2 0
github.com/mathif92/auth-service/internal/handlers/credentials.go:70.17,73.4 2 0
github.com/mathif92/auth-service/internal/handlers/credentials.go:75.17,78.4 2 0
github.com/mathif92/auth-service/internal/config/config.go:32.55,34.16 2 0
github.com/mathif92/auth-service/internal/config/config.go:37.2,42.16 5 0
github.com/mathif92/auth-service/internal/config/config.go:46.2,46.17 1 0
github.com/mathif92/auth-service/internal/config/config.go:34.16,36.3 1 0
github.com/mathif92/auth-service/internal/config/config.go:42.16,44.3 1 0
github.com/mathif92/auth-service/internal/logger/encoders/kv_encoder.go:25.54,27.2 1 0
github.com/mathif92/auth-service/internal/logger/encoders/kv_encoder.go:35.38,37.2 1 0
github.com/mathif92/auth-service/internal/logger/encoders/kv_encoder.go:39.41,40.27 1 0
github.com/mathif92/auth-service/internal/logger/encoders/kv_encoder.go:43.2,49.23 7 0
github.com/mathif92/auth-service/internal/logger/encoders/kv_encoder.go:40.27,42.3 1 0
github.com/mathif92/auth-service/internal/logger/encoders/kv_encoder.go:72.68,74.2 1 0
github.com/mathif92/auth-service/internal/logger/encoders/kv_encoder.go:76.76,82.2 1 0
github.com/mathif92/auth-service/internal/logger/encoders/kv_encoder.go:84.78,87.2 2 0
github.com/mathif92/auth-service/internal/logger/encoders/kv_encoder.go:89.80,92.2 2 0
github.com/mathif92/auth-service/internal/logger/encoders/kv_encoder.go:94.57,96.2 1 0
github.com/mathif92/auth-service/internal/logger/encoders/kv_encoder.go:98.61,101.2 2 0
github.com/mathif92/auth-service/internal/logger/encoders/kv_encoder.go:103.53,106.2 2 0
github.com/mathif92/auth-service/internal/logger/encoders/kv_encoder.go:108.65,111.2 2 0
github.com/mathif92/auth-service/internal/logger/encoders/kv_encoder.go:113.66,116.2 2 0
github.com/mathif92/auth-service/internal/logger/encoders/kv_encoder.go:118.59,121.2 2 0
github.com/mathif92/auth-service/internal/logger/encoders/kv_encoder.go:123.55,126.2 2 0
github.com/mathif92/auth-service/internal/logger/encoders/kv_encoder.go:128.41,129.27 1 0
github.com/mathif92/auth-service/internal/logger/encoders/kv_encoder.go:129.27,132.3 2 0
github.com/mathif92/auth-service/internal/logger/encoders/kv_encoder.go:132.8,134.3 1 0
github.com/mathif92/auth-service/internal/logger/encoders/kv_encoder.go:137.71,140.16 3 0
github.com/mathif92/auth-service/internal/logger/encoders/kv_encoder.go:143.2,146.12 4 0
github.com/mathif92/auth-service/internal/logger/encoders/kv_encoder.go:140.16,142.3 1 0
github.com/mathif92/auth-service/internal/logger/encoders/kv_encoder.go:149.49,153.2 3 0
github.com/mathif92/auth-service/internal/logger/encoders/kv_encoder.go:155.50,158.2 2 0
github.com/mathif92/auth-service/internal/logger/encoders/kv_encoder.go:160.58,163.2 2 0
github.com/mathif92/auth-service/internal/logger/encoders/kv_encoder.go:165.57,168.2 2 0
github.com/mathif92/auth-service/internal/logger/encoders/kv_encoder.go:170.69,176.2 5 0
github.com/mathif92/auth-service/internal/logger/encoders/kv_encoder.go:178.71,184.2 5 0
github.com/mathif92/auth-service/internal/logger/encoders/kv_encoder.go:186.44,189.2 2 0
github.com/mathif92/auth-service/internal/logger/encoders/kv_encoder.go:191.52,194.2 2 0
github.com/mathif92/auth-service/internal/logger/encoders/kv_encoder.go:196.56,206.2 6 0
github.com/mathif92/auth-service/internal/logger/encoders/kv_encoder.go:208.57,211.26 3 0
github.com/mathif92/auth-service/internal/logger/encoders/kv_encoder.go:211.26,215.3 1 0
github.com/mathif92/auth-service/internal/logger/encoders/kv_encoder.go:218.46,221.2 2 0
github.com/mathif92/auth-service/internal/logger/encoders/kv_encoder.go:223.62,226.16 3 0
github.com/mathif92/auth-service/internal/logger/encoders/kv_encoder.go:229.2,232.12 4 0
github.com/mathif92/auth-service/internal/logger/encoders/kv_encoder.go:226.16,228.3 1 0
github.com/mathif92/auth-service/internal/logger/encoders/kv_encoder.go:235.48,238.2 2 0
github.com/mathif92/auth-service/internal/logger/encoders/kv_encoder.go:240.49,243.26 3 0
github.com/mathif92/auth-service/internal/logger/encoders/kv_encoder.go:243.26,247.3 1 0
github.com/mathif92/auth-service/internal/logger/encoders/kv_encoder.go:250.48,253.2 2 0
github.com/mathif92/auth-service/internal/logger/encoders/kv_encoder.go:255.59,255.98 1 0
github.com/mathif92/auth-service/internal/logger/encoders/kv_encoder.go:256.59,256.92 1 0
github.com/mathif92/auth-service/internal/logger/encoders/kv_encoder.go:257.59,257.88 1 0
github.com/mathif92/auth-service/internal/logger/encoders/kv_encoder.go:258.59,258.88 1 0
github.com/mathif92/auth-service/internal/logger/encoders/kv_encoder.go:259.59,259.88 1 0
github.com/mathif92/auth-service/internal/logger/encoders/kv_encoder.go:260.59,260.88 1 0
github.com/mathif92/auth-service/internal/logger/encoders/kv_encoder.go:261.59,261.90 1 0
github.com/mathif92/auth-service/internal/logger/encoders/kv_encoder.go:262.59,262.90 1 0
github.com/mathif92/auth-service/internal/logger/encoders/kv_encoder.go:263.59,263.90 1 0
github.com/mathif92/auth-service/internal/logger/encoders/kv_encoder.go:264.59,264.90 1 0
github.com/mathif92/auth-service/internal/logger/encoders/kv_encoder.go:265.59,265.90 1 0
github.com/mathif92/auth-service/internal/logger/encoders/kv_encoder.go:266.59,266.98 1 0
github.com/mathif92/auth-service/internal/logger/encoders/kv_encoder.go:267.59,267.85 1 0
github.com/mathif92/auth-service/internal/logger/encoders/kv_encoder.go:268.59,268.94 1 0
github.com/mathif92/auth-service/internal/logger/encoders/kv_encoder.go:269.59,269.88 1 0
github.com/mathif92/auth-service/internal/logger/encoders/kv_encoder.go:270.59,270.88 1 0
github.com/mathif92/auth-service/internal/logger/encoders/kv_encoder.go:271.59,271.88 1 0
github.com/mathif92/auth-service/internal/logger/encoders/kv_encoder.go:272.59,272.88 1 0
github.com/mathif92/auth-service/internal/logger/encoders/kv_encoder.go:273.59,273.90 1 0
github.com/mathif92/auth-service/internal/logger/encoders/kv_encoder.go:274.59,274.90 1 0
github.com/mathif92/auth-service/internal/logger/encoders/kv_encoder.go:275.59,275.90 1 0
github.com/mathif92/auth-service/internal/logger/encoders/kv_encoder.go:276.59,276.90 1 0
github.com/mathif92/auth-service/internal/logger/encoders/kv_encoder.go:277.59,277.90 1 0
github.com/mathif92/auth-service/internal/logger/encoders/kv_encoder.go:279.47,283.2 3 0
github.com/mathif92/auth-service/internal/logger/encoders/kv_encoder.go:285.42,292.2 6 0
github.com/mathif92/auth-service/internal/logger/encoders/kv_encoder.go:294.102,298.25 3 0
github.com/mathif92/auth-service/internal/logger/encoders/kv_encoder.go:301.2,301.26 1 0
github.com/mathif92/auth-service/internal/logger/encoders/kv_encoder.go:311.2,311.49 1 0
github.com/mathif92/auth-service/internal/logger/encoders/kv_encoder.go:329.2,329.49 1 0
github.com/mathif92/auth-service/internal/logger/encoders/kv_encoder.go:339.2,339.28 1 0
github.com/mathif92/auth-service/internal/logger/encoders/kv_encoder.go:343.2,343.23 1 0
github.com/mathif92/auth-service/internal/logger/encoders/kv_encoder.go:347.2,349.50 3 0
github.com/mathif92/auth-service/internal/logger/encoders/kv_encoder.go:352.2,353.28 2 0
github.com/mathif92/auth-service/internal/logger/encoders/kv_encoder.go:359.2,361.17 3 0
github.com/mathif92/auth-service/internal/logger/encoders/kv_encoder.go:298.25,300.3 1 0
github.com/mathif92/auth-service/internal/logger/encoders/kv_encoder.go:301.26,305.29 4 0
github.com/mathif92/auth-service/internal/logger/encoders/kv_encoder.go:305.29,309.4 1 0
github.com/mathif92/auth-service/internal/logger/encoders/kv_encoder.go:311.49,318.25 4 0
github.com/mathif92/auth-service/internal/logger/encoders/kv_encoder.go:322.3,323.29 2 0
github.com/mathif92/auth-service/internal/logger/encoders/kv_encoder.go:318.25,320.4 1 0
github.com/mathif92/auth-service/internal/logger/encoders/kv_encoder.go:323.29,327.4 1 0
github.com/mathif92/auth-service/internal/logger/encoders/kv_encoder.go:329.49,333.29 4 0
github.com/mathif92/auth-service/internal/logger/encoders/kv_encoder.go:333.29,337.4 1 0
github.com/mathif92/auth-service/internal/logger/encoders/kv_encoder.go:339.28,342.3 2 0
github.com/mathif92/auth-service/internal/logger/encoders/kv_encoder.go:343.23,346.3 2 0
github.com/mathif92/auth-service/internal/logger/encoders/kv_encoder.go:349.50,351.3 1 0
github.com/mathif92/auth-service/internal/logger/encoders/kv_encoder.go:353.28,355.3 1 0
github.com/mathif92/auth-service/internal/logger/encoders/kv_encoder.go:355.8,357.3 1 0
github.com/mathif92/auth-service/internal/logger/encoders/kv_encoder.go:364.45,365.42 1 0
github.com/mathif92/auth-service/internal/logger/encoders/kv_encoder.go:365.42,367.3 1 0
github.com/mathif92/auth-service/internal/logger/encoders/kv_encoder.go:370.42,374.16 4 0
github.com/mathif92/auth-service/internal/logger/encoders/kv_encoder.go:374.16,376.3 1 0
github.com/mathif92/auth-service/internal/logger/encoders/kv_encoder.go:379.45,381.14 2 0
github.com/mathif92/auth-service/internal/logger/encoders/kv_encoder.go:384.2,384.31 1 0
github.com/mathif92/auth-service/internal/logger/encoders/kv_encoder.go:381.14,383.3 1 0
github.com/mathif92/auth-service/internal/logger/encoders/kv_encoder.go:385.31,386.9 1 0
github.com/mathif92/auth-service/internal/logger/encoders/kv_encoder.go:387.10,390.17 3 0
github.com/mathif92/auth-service/internal/logger/encoders/kv_encoder.go:390.17,392.4 1 0
github.com/mathif92/auth-service/internal/logger/encoders/kv_encoder.go:396.61,398.9 2 0
github.com/mathif92/auth-service/internal/logger/encoders/kv_encoder.go:399.23,400.30 1 0
github.com/mathif92/auth-service/internal/logger/encoders/kv_encoder.go:401.26,402.31 1 0
github.com/mathif92/auth-service/internal/logger/encoders/kv_encoder.go:403.27,404.31 1 0
github.com/mathif92/auth-service/internal/logger/encoders/kv_encoder.go:405.10,406.36 1 0
github.com/mathif92/auth-service/internal/logger/encoders/kv_encoder.go:413.47,418.13 1 0
github.com/mathif92/auth-service/internal/logger/encoders/kv_encoder.go:423.2,423.26 1 0
github.com/mathif92/auth-service/internal/logger/encoders/kv_encoder.go:418.13,421.3 2 0
github.com/mathif92/auth-service/internal/logger/encoders/kv_encoder.go:423.26,424.31 1 0
github.com/mathif92/auth-service/internal/logger/encoders/kv_encoder.go:428.3,429.35 2 0
github.com/mathif92/auth-service/internal/logger/encoders/kv_encoder.go:433.3,434.12 2 0
github.com/mathif92/auth-service/internal/logger/encoders/kv_encoder.go:424.31,426.12 2 0
github.com/mathif92/auth-service/internal/logger/encoders/kv_encoder.go:429.35,431.12 2 0
github.com/mathif92/auth-service/internal/logger/encoders/kv_encoder.go:439.51,440.26 1 0
github.com/mathif92/auth-service/internal/logger/encoders/kv_encoder.go:440.26,441.31 1 0
github.com/mathif92/auth-service/internal/logger/encoders/kv_encoder.go:445.3,446.35 2 0
github.com/mathif92/auth-service/internal/logger/encoders/kv_encoder.go:450.3,451.12 2 0
github.com/mathif92/auth-service/internal/logger/encoders/kv_encoder.go:441.31,443.12 2 0
github.com/mathif92/auth-service/internal/logger/encoders/kv_encoder.go:446.35,448.12 2 0
github.com/mathif92/auth-service/internal/logger/encoders/kv_encoder.go:456.51,457.24 1 0
github.com/mathif92/auth-service/internal/logger/encoders/kv_encoder.go:460.2,460.40 1 0
github.com/mathif92/auth-service/internal/logger/encoders/kv_encoder.go:464.2,464.11 1 0
github.com/mathif92/auth-service/internal/logger/encoders/kv_encoder.go:483.2,483.13 1 0
github.com/mathif92/auth-service/internal/logger/encoders/kv_encoder.go:457.24,459.3 1 0
github.com/mathif92/auth-service/internal/logger/encoders/kv_encoder.go:460.40,463.3 2 0
github.com/mathif92/auth-service/internal/logger/encoders/kv_encoder.go:465.17,467.24 2 0
github.com/mathif92/auth-service/internal/logger/encoders/kv_encoder.go:468.12,470.26 2 0
github.com/mathif92/auth-service/internal/logger/encoders/kv_encoder.go:471.12,473.26 2 0
github.com/mathif92/auth-service/internal/logger/encoders/kv_encoder.go:474.12,476.26 2 0
github.com/mathif92/auth-service/internal/logger/encoders/kv_encoder.go:477.10,481.34 3 0
github.com/mathif92/auth-service/internal/logger/encoders/kv_encoder.go:486.62,487.38 1 0
github.com/mathif92/auth-service/internal/logger/encoders/kv_encoder.go:491.2,491.14 1 0
github.com/mathif92/auth-service/internal/logger/encoders/kv_encoder.go:487.38,490.3 2 0
github.com/mathif92/auth-service/internal/logger/encoders/kv_encoder.go:494.67,495.24 1 0
github.com/mathif92/auth-service/internal/logger/encoders/kv_encoder.go:495.24,497.3 1 0
github.com/mathif92/auth-service/internal/handlers/actions.go:21.60,23.2 1 0
github.com/mathif92/auth-service/internal/handlers/actions.go:25.72,28.48 3 0
github.com/mathif92/auth-service/internal/handlers/actions.go:33.2,37.16 2 0
github.com/mathif92/auth-service/internal/handlers/actions.go:42.2,42.80 1 0
github.com/mathif92/auth-service/internal/handlers/actions.go:28.48,31.3 2 0
github.com/mathif92/auth-service/internal/handlers/actions.go:37.16,40.3 2 0
github.com/mathif92/auth-service/internal/handlers/actions.go:45.69,48.9 3 0
github.com/mathif92/auth-service/internal/handlers/actions.go:53.2,53.44 1 0
github.com/mathif92/auth-service/internal/handlers/actions.go:48.9,51.3 2 0
github.com/mathif92/auth-service/internal/handlers/actions.go:56.72,59.9 3 0
github.com/mathif92/auth-service/internal/handlers/actions.go:64.2,65.53 2 0
github.com/mathif92/auth-service/internal/handlers/actions.go:70.2,75.93 2 0
github.com/mathif92/auth-service/internal/handlers/actions.go:80.2,80.41 1 0
github.com/mathif92/auth-service/internal/handlers/actions.go:59.9,62.3 2 0
github.com/mathif92/auth-service/internal/handlers/actions.go:65.53,68.3 2 0
github.com/mathif92/auth-service/internal/handlers/actions.go:75.93,78.3 2 0
github.com/mathif92/auth-service/internal/handlers/actions.go:83.65,84.73 1 0
github.com/mathif92/auth-service/internal/handlers/actions.go:84.73,88.17 4 0
github.com/mathif92/auth-service/internal/handlers/actions.go:92.3,93.17 2 0
github.com/mathif92/auth-service/internal/handlers/actions.go:97.3,98.42 2 0
github.com/mathif92/auth-service/internal/handlers/actions.go:88.17,91.4 2 0
github.com/mathif92/auth-service/internal/handlers/actions.go:93.17,96.4 2 0
github.com/mathif92/auth-service/internal/handlers/models.go:29.56,30.39 1 0
github.com/mathif92/auth-service/internal/handlers/models.go:34.2,34.22 1 0
github.com/mathif92/auth-service/internal/handlers/models.go:38.2,38.12 1 0
github.com/mathif92/auth-service/internal/handlers/models.go:30.39,32.3 1 0
github.com/mathif92/auth-service/internal/handlers/models.go:34.22,36.3 1 0
github.com/mathif92/auth-service/internal/handlers/models.go:45.57,46.18 1 0
github.com/mathif92/auth-service/internal/handlers/models.go:50.2,50.12 1 0
github.com/mathif92/auth-service/internal/handlers/models.go:46.18,48.3 1 0
github.com/mathif92/auth-service/internal/handlers/models.go:58.57,61.2 1 0
github.com/mathif92/auth-service/internal/handlers/models.go:68.57,69.20 1 0
github.com/mathif92/auth-service/internal/handlers/models.go:73.2,73.20 1 0
github.com/mathif92/auth-service/internal/handlers/models.go:77.2,77.12 1 0
github.com/mathif92/auth-service/internal/handlers/models.go:69.20,71.3 1 0
github.com/mathif92/auth-service/internal/handlers/models.go:73.20,75.3 1 0
github.com/mathif92/auth-service/internal/handlers/models.go:86.57,89.2 1 0
github.com/mathif92/auth-service/internal/handlers/models.go:95.57,96.21 1 0
github.com/mathif92/auth-service/internal/handlers/models.go:100.2,100.12 1 0
github.com/mathif92/auth-service/internal/handlers/models.go:96.21,98.3 1 0
github.com/mathif92/auth-service/internal/handlers/models.go:107.62,108.19 1 0
github.com/mathif92/auth-service/internal/handlers/models.go:112.2,112.12 1 0
github.com/mathif92/auth-service/internal/handlers/models.go:108.19,110.3 1 0
github.com/mathif92/auth-service/internal/handlers/models.go:141.73,143.38 2 0
github.com/mathif92/auth-service/internal/handlers/models.go:154.2,161.3 1 0
github.com/mathif92/auth-service/internal/handlers/models.go:143.38,152.3 1 0
github.com/mathif92/auth-service/internal/handlers/models.go:164.75,173.2 1 0
github.com/mathif92/auth-service/internal/handlers/models.go:175.95,183.2 1 0
github.com/mathif92/auth-service/internal/logger/logger.go:12.52,30.2 3 0
github.com/mathif92/auth-service/internal/logger/logger.go:34.77,38.2 2 0
github.com/mathif92/auth-service/internal/testutil/testutil.go:19.29,31.2 4 0
github.com/mathif92/auth-service/internal/testutil/testutil.go:33.22,45.16 10 0
github.com/mathif92/auth-service/internal/testutil/testutil.go:49.2,49.11 1 0
github.com/mathif92/auth-service/internal/testutil/testutil.go:45.16,47.3 1 0
github.com/mathif92/auth-service/internal/testutil/testutil.go:52.25,54.2 1 0
github.com/mathif92/auth-service/cmd/app/main.go:21.13,27.16 5 0
github.com/mathif92/auth-service/cmd/app/main.go:33.2,63.44 16 0
github.com/mathif92/auth-service/cmd/app/main.go:81.2,81.50 1 0
github.com/mathif92/auth-service/cmd/app/main.go:95.2,95.46 1 0
github.com/mathif92/auth-service/cmd/app/main.go:109.2,109.38 1 0
github.com/mathif92/auth-service/cmd/app/main.go:27.16,30.3 2 0
github.com/mathif92/auth-service/cmd/app/main.go:63.44,69.43 3 0
github.com/mathif92/auth-service/cmd/app/main.go:69.43,77.4 6 0
github.com/mathif92/auth-service/cmd/app/main.go:81.50,85.50 2 0
github.com/mathif92/auth-service/cmd/app/main.go:85.50,91.4 4 0
github.com/mathif92/auth-service/cmd/app/main.go:95.46,101.45 3 0
github.com/mathif92/auth-service/cmd/app/main.go:101.45,106.4 3 0
github.com/mathif92/auth-service/cmd/app/main.go:112.50,114.26 2 0
github.com/mathif92/auth-service/cmd/app/main.go:118.2,119.16 2 0
github.com/mathif92/auth-service/cmd/app/main.go:123.2,125.15 2 0
github.com/mathif92/auth-service/cmd/app/main.go:114.26,116.3 1 0
github.com/mathif92/auth-service/cmd/app/main.go:119.16,121.3 1 0
github.com/mathif92/auth-service/cmd/app/main.go:129.52,131.20 2 0
github.com/mathif92/auth-service/cmd/app/main.go:135.2,146.16 10 0
github.com/mathif92/auth-service/cmd/app/main.go:151.2,151.34 1 0
github.com/mathif92/auth-service/cmd/app/main.go:156.2,161.16 5 0
github.com/mathif92/auth-service/cmd/app/main.go:131.20,133.3 1 0
github.com/mathif92/auth-service/cmd/app/main.go:146.16,149.3 2 0
github.com/mathif92/auth-service/cmd/app/main.go:151.34,154.3 2 0
github.com/mathif92/auth-service/internal/handlers/health.go:15.37,19.2 1 0
github.com/mathif92/auth-service/internal/handlers/health.go:22.65,24.46 2 0
github.com/mathif92/auth-service/internal/handlers/health.go:28.2,28.66 1 0
github.com/mathif92/auth-service/internal/handlers/health.go:24.46,27.3 2 0
github.com/mathif92/auth-service/internal/handlers/roles.go:21.52,23.2 1 0
github.com/mathif92/auth-service/internal/handlers/roles.go:25.70,28.48 3 0
github.com/mathif92/auth-service/internal/handlers/roles.go:33.2,34.16 2 0
github.com/mathif92/auth-service/internal/handlers/roles.go:39.2,39.78 1 0
github.com/mathif92/auth-service/internal/handlers/roles.go:28.48,31.3 2 0
github.com/mathif92/auth-service/internal/handlers/roles.go:34.16,37.3 2 0
github.com/mathif92/auth-service/internal/handlers/roles.go:42.67,45.9 3 0
github.com/mathif92/auth-service/internal/handlers/roles.go:50.2,50.47 1 0
github.com/mathif92/auth-service/internal/handlers/roles.go:45.9,48.3 2 0
github.com/mathif92/auth-service/internal/handlers/roles.go:53.70,56.9 3 0
github.com/mathif92/auth-service/internal/handlers/roles.go:61.2,62.53 2 0
github.com/mathif92/auth-service/internal/handlers/roles.go:67.2,67.129 1 0
github.com/mathif92/auth-service/internal/handlers/roles.go:72.2,72.41 1 0
github.com/mathif92/auth-service/internal/handlers/roles.go:56.9,59.3 2 0
github.com/mathif92/auth-service/internal/handlers/roles.go:62.53,65.3 2 0
github.com/mathif92/auth-service/internal/handlers/roles.go:67.129,70.3 2 0
github.com/mathif92/auth-service/internal/handlers/roles.go:75.70,80.2 2 0
github.com/mathif92/auth-service/internal/handlers/roles.go:82.75,85.9 3 0
github.com/mathif92/auth-service/internal/handlers/roles.go:90.2,91.54 2 0
github.com/mathif92/auth-service/internal/handlers/roles.go:96.2,99.17 1 0
github.com/mathif92/auth-service/internal/handlers/roles.go:104.2,104.41 1 0
github.com/mathif92/auth-service/internal/handlers/roles.go:85.9,88.3 2 0
github.com/mathif92/auth-service/internal/handlers/roles.go:91.54,94.3 2 0
github.com/mathif92/auth-service/internal/handlers/roles.go:99.17,102.3 2 0
github.com/mathif92/auth-service/internal/handlers/roles.go:107.80,110.9 3 0
github.com/mathif92/auth-service/internal/handlers/roles.go:115.2,116.54 2 0
github.com/mathif92/auth-service/internal/handlers/roles.go:121.2,124.17 1 0
github.com/mathif92/auth-service/internal/handlers/roles.go:129.2,129.41 1 0
github.com/mathif92/auth-service/internal/handlers/roles.go:110.9,113.3 2 0
github.com/mathif92/auth-service/internal/handlers/roles.go:116.54,119.3 2 0
github.com/mathif92/auth-service/internal/handlers/roles.go:124.17,127.3 2 0
github.com/mathif92/auth-service/internal/handlers/roles.go:132.70,135.9 3 0
github.com/mathif92/auth-service/internal/handlers/roles.go:140.2,141.53 2 0
github.com/mathif92/auth-service/internal/handlers/roles.go:146.2,149.17 1 0
github.com/mathif92/auth-service/internal/handlers/roles.go:154.2,154.41 1 0
github.com/mathif92/auth-service/internal/handlers/roles.go:135.9,138.3 2 0
github.com/mathif92/auth-service/internal/handlers/roles.go:141.53,144.3 2 0
github.com/mathif92/auth-service/internal/handlers/roles.go:149.17,152.3 2 0
github.com/mathif92/auth-service/internal/handlers/roles.go:157.72,160.9 3 0
github.com/mathif92/auth-service/internal/handlers/roles.go:165.2,166.53 2 0
github.com/mathif92/auth-service/internal/handlers/roles.go:171.2,174.17 1 0
github.com/mathif92/auth-service/internal/handlers/roles.go:179.2,179.41 1 0
github.com/mathif92/auth-service/internal/handlers/roles.go:160.9,163.3 2 0
github.com/mathif92/auth-service/internal/handlers/roles.go:166.53,169.3 2 0
github.com/mathif92/auth-service/internal/handlers/roles.go:174.17,177.3 2 0
github.com/mathif92/auth-service/internal/handlers/roles.go:182.61,183.73 1 0
github.com/mathif92/auth-service/internal/handlers/roles.go:183.73,187.17 4 0
github.com/mathif92/auth-service/internal/handlers/roles.go:191.3,192.17 2 0
github.com/mathif92/auth-service/internal/handlers/roles.go:196.3,197.42 2 0
github.com/mathif92/auth-service/internal/handlers/roles.go:187.17,190.4 2 0
github.com/mathif92/auth-service/internal/handlers/roles.go:192.17,195.4 2 0
github.com/mathif92/auth-service/internal/errors/errors.go:12.49,14.2 1 0
github.com/mathif92/auth-service/internal/errors/errors.go:16.32,18.2 1 0
github.com/mathif92/auth-service/internal/api/response.go:12.98,14.40 1 0
github.com/mathif92/auth-service/internal/api/response.go:19.2,20.16 2 0
github.com/mathif92/auth-service/internal/api/response.go:25.2,31.45 3 0
github.com/mathif92/auth-service/internal/api/response.go:35.2,35.12 1 0
github.com/mathif92/auth-service/internal/api/response.go:14.40,17.3 2 0
github.com/mathif92/auth-service/internal/api/response.go:20.16,22.3 1 0
github.com/mathif92/auth-service/internal/api/response.go:31.45,33.3 1 0
github.com/mathif92/auth-service/internal/api/response.go:38.80,39.59 1 0
github.com/mathif92/auth-service/internal/api/response.go:50.2,51.81 2 0
github.com/mathif92/auth-service/internal/api/response.go:55.2,55.12 1 0
github.com/mathif92/auth-service/internal/api/response.go:39.59,42.73 2 0
github.com/mathif92/auth-service/internal/api/response.go:46.3,46.13 1 0
github.com/mathif92/auth-service/internal/api/response.go:42.73,44.4 1 0
github.com/mathif92/auth-service/internal/api/response.go:51.81,53.3 1 0
github.com/mathif92/auth-service/internal/services/actions.go:37.39,39.2 1 0
github.com/mathif92/auth-service/internal/services/actions.go:41.86,43.16 2 0
github.com/mathif92/auth-service/internal/services/actions.go:47.2,48.16 2 0
github.com/mathif92/auth-service/internal/services/actions.go:53.2,53.36 1 0
github.com/mathif92/auth-service/internal/services/actions.go:57.2,57.30 1 0
github.com/mathif92/auth-service/internal/services/actions.go:43.16,45.3 1 0
github.com/mathif92/auth-service/internal/services/actions.go:48.16,51.3 2 0
github.com/mathif92/auth-service/internal/services/actions.go:53.36,55.3 1 0
github.com/mathif92/auth-service/internal/services/actions.go:60.87,62.79 2 0
github.com/mathif92/auth-service/internal/services/actions.go:69.2,69.20 1 0
github.com/mathif92/auth-service/internal/services/actions.go:62.79,63.36 1 0
github.com/mathif92/auth-service/internal/services/actions.go:66.3,66.28 1 0
github.com/mathif92/auth-service/internal/services/actions.go:63.36,65.4 1 0
github.com/mathif92/auth-service/internal/services/actions.go:72.98,74.16 2 0
github.com/mathif92/auth-service/internal/services/actions.go:78.2,79.25 2 0
github.com/mathif92/auth-service/internal/services/actions.go:83.2,83.25 1 0
github.com/mathif92/auth-service/internal/services/actions.go:87.2,87.24 1 0
github.com/mathif92/auth-service/internal/services/actions.go:91.2,98.16 4 0
github.com/mathif92/auth-service/internal/services/actions.go:102.2,102.60 1 0
github.com/mathif92/auth-service/internal/services/actions.go:107.2,107.36 1 0
github.com/mathif92/auth-service/internal/services/actions.go:111.2,111.12 1 0
github.com/mathif92/auth-service/internal/services/actions.go:74.16,76.3 1 0
github.com/mathif92/auth-service/internal/services/actions.go:79.25,81.3 1 0
github.com/mathif92/auth-service/internal/services/actions.go:83.25,85.3 1 0
github.com/mathif92/auth-service/internal/services/actions.go:87.24,89.3 1 0
github.com/mathif92/auth-service/internal/services/actions.go:98.16,100.3 1 0
github.com/mathif92/auth-service/internal/services/actions.go:102.60,105.3 2 0
github.com/mathif92/auth-service/internal/services/actions.go:107.36,109.3 1 0
github.com/mathif92/auth-service/internal/services/credentials.go:30.68,32.2 1 0
github.com/mathif92/auth-service/internal/services/credentials.go:35.96,37.16 2 0
github.com/mathif92/auth-service/internal/services/credentials.go:40.2,43.16 3 0
github.com/mathif92/auth-service/internal/services/credentials.go:48.2,48.36 1 0
github.com/mathif92/auth-service/internal/services/credentials.go:52.2,52.12 1 0
github.com/mathif92/auth-service/internal/services/credentials.go:37.16,39.3 1 0
github.com/mathif92/auth-service/internal/services/credentials.go:43.16,46.3 2 0
github.com/mathif92/auth-service/internal/services/credentials.go:48.36,50.3 1 0
github.com/mathif92/auth-service/internal/services/credentials.go:56.103,59.32 3 0
github.com/mathif92/auth-service/internal/services/credentials.go:64.2,65.81 2 0
github.com/mathif92/auth-service/internal/services/credentials.go:72.2,72.81 1 0
github.com/mathif92/auth-service/internal/services/credentials.go:76.2,77.16 2 0
github.com/mathif92/auth-service/internal/services/credentials.go:81.2,82.16 2 0
github.com/mathif92/auth-service/internal/services/credentials.go:86.2,87.91 2 0
github.com/mathif92/auth-service/internal/services/credentials.go:112.2,112.36 1 0
github.com/mathif92/auth-service/internal/services/credentials.go:116.2,116.19 1 0
github.com/mathif92/auth-service/internal/services/credentials.go:59.32,62.3 2 0
github.com/mathif92/auth-service/internal/services/credentials.go:65.81,66.36 1 0
github.com/mathif92/auth-service/internal/services/credentials.go:69.3,69.64 1 0
github.com/mathif92/auth-service/internal/services/credentials.go:66.36,68.4 1 0
github.com/mathif92/auth-service/internal/services/credentials.go:72.81,74.3 1 0
github.com/mathif92/auth-service/internal/services/credentials.go:77.16,79.3 1 0
github.com/mathif92/auth-service/internal/services/credentials.go:82.16,84.3 1 0
github.com/mathif92/auth-service/internal/services/credentials.go:87.91,88.37 1 0
github.com/mathif92/auth-service/internal/services/credentials.go:92.3,97.91 2 0
github.com/mathif92/auth-service/internal/services/credentials.go:88.37,90.4 1 0
github.com/mathif92/auth-service/internal/services/credentials.go:97.91,100.4 2 0
github.com/mathif92/auth-service/internal/services/credentials.go:101.8,106.78 2 0
github.com/mathif92/auth-service/internal/services/credentials.go:106.78,109.4 2 0
github.com/mathif92/auth-service/internal/services/credentials.go:112.36,114.3 1 0
github.com/mathif92/auth-service/internal/services/credentials.go:119.106,121.94 2 0
github.com/mathif92/auth-service/internal/services/credentials.go:128.2,128.25 1 0
github.com/mathif92/auth-service/internal/services/credentials.go:121.94,122.36 1 0
github.com/mathif92/auth-service/internal/services/credentials.go:125.3,125.80 1 0
github.com/mathif92/auth-service/internal/services/credentials.go:122.36,124.4 1 0
github.com/mathif92/auth-service/internal/services/credentials.go:131.37,139.16 2 0
github.com/mathif92/auth-service/internal/services/credentials.go:144.2,144.21 1 0
github.com/mathif92/auth-service/internal/services/credentials.go:139.16,141.3 1 0
github.com/mathif92/auth-service/internal/services/credentials.go:147.63,152.16 3 0
github.com/mathif92/auth-service/internal/services/credentials.go:157.2,157.13 1 0
github.com/mathif92/auth-service/internal/services/credentials.go:152.16,155.3 2 0
github.com/mathif92/auth-service/internal/services/roles.go:53.35,55.2 1 0
github.com/mathif92/auth-service/internal/services/roles.go:58.78,60.16 2 0
github.com/mathif92/auth-service/internal/services/roles.go:64.2,65.16 2 0
github.com/mathif92/auth-service/internal/services/roles.go:70.2,70.36 1 0
github.com/mathif92/auth-service/internal/services/roles.go:74.2,74.30 1 0
github.com/mathif92/auth-service/internal/services/roles.go:60.16,62.3 1 0
github.com/mathif92/auth-service/internal/services/roles.go:65.16,68.3 2 0
github.com/mathif92/auth-service/internal/services/roles.go:70.36,72.3 1 0
github.com/mathif92/auth-service/internal/services/roles.go:78.85,81.16 3 0
github.com/mathif92/auth-service/internal/services/roles.go:84.2,85.27 2 0
github.com/mathif92/auth-service/internal/services/roles.go:108.2,108.20 1 0
github.com/mathif92/auth-service/internal/services/roles.go:81.16,83.3 1 0
github.com/mathif92/auth-service/internal/services/roles.go:85.27,86.26 1 0
github.com/mathif92/auth-service/internal/services/roles.go:96.3,96.29 1 0
github.com/mathif92/auth-service/internal/services/roles.go:86.26,94.4 1 0
github.com/mathif92/auth-service/internal/services/roles.go:96.29,105.4 1 0
github.com/mathif92/auth-service/internal/services/roles.go:112.90,114.16 2 0
github.com/mathif92/auth-service/internal/services/roles.go:118.2,119.21 2 0
github.com/mathif92/auth-service/internal/services/roles.go:123.2,123.24 1 0
github.com/mathif92/auth-service/internal/services/roles.go:127.2,134.16 4 0
github.com/mathif92/auth-service/internal/services/roles.go:138.2,138.60 1 0
github.com/mathif92/auth-service/internal/services/roles.go:143.2,143.36 1 0
github.com/mathif92/auth-service/internal/services/roles.go:147.2,147.12 1 0
github.com/mathif92/auth-service/internal/services/roles.go:114.16,116.3 1 0
github.com/mathif92/auth-service/internal/services/roles.go:119.21,121.3 1 0
github.com/mathif92/auth-service/internal/services/roles.go:123.24,125.3 1 0
github.com/mathif92/auth-service/internal/services/roles.go:134.16,136.3 1 0
github.com/mathif92/auth-service/internal/services/roles.go:138.60,141.3 2 0
github.com/mathif92/auth-service/internal/services/roles.go:143.36,145.3 1 0
github.com/mathif92/auth-service/internal/services/roles.go:150.90,152.16 2 0
github.com/mathif92/auth-service/internal/services/roles.go:156.2,157.16 2 0
github.com/mathif92/auth-service/internal/services/roles.go:162.2,162.36 1 0
github.com/mathif92/auth-service/internal/services/roles.go:166.2,166.12 1 0
github.com/mathif92/auth-service/internal/services/roles.go:152.16,154.3 1 0
github.com/mathif92/auth-service/internal/services/roles.go:157.16,160.3 2 0
github.com/mathif92/auth-service/internal/services/roles.go:162.36,164.3 1 0
github.com/mathif92/auth-service/internal/services/roles.go:169.95,171.16 2 0
github.com/mathif92/auth-service/internal/services/roles.go:175.2,176.16 2 0
github.com/mathif92/auth-service/internal/services/roles.go:181.2,181.36 1 0
github.com/mathif92/auth-service/internal/services/roles.go:185.2,185.12 1 0
github.com/mathif92/auth-service/internal/services/roles.go:171.16,173.3 1 0
github.com/mathif92/auth-service/internal/services/roles.go:176.16,179.3 2 0
github.com/mathif92/auth-service/internal/services/roles.go:181.36,183.3 1 0
github.com/mathif92/auth-service/internal/services/roles.go:188.98,190.16 2 0
github.com/mathif92/auth-service/internal/services/roles.go:194.2,195.16 2 0
github.com/mathif92/auth-service/internal/services/roles.go:200.2,200.36 1 0
github.com/mathif92/auth-service/internal/services/roles.go:204.2,204.12 1 0
github.com/mathif92/auth-service/internal/services/roles.go:190.16,192.3 1 0
github.com/mathif92/auth-service/internal/services/roles.go:195.16,198.3 2 0
github.com/mathif92/auth-service/internal/services/roles.go:200.36,202.3 1 0
github.com/mathif92/auth-service/internal/services/roles.go:207.90,209.16 2 0
github.com/mathif92/auth-service/internal/services/roles.go:213.2,214.16 2 0
github.com/mathif92/auth-service/internal/services/roles.go:219.2,219.36 1 0
github.com/mathif92/auth-service/internal/services/roles.go:223.2,223.12 1 0
github.com/mathif92/auth-service/internal/services/roles.go:209.16,211.3 1 0
github.com/mathif92/auth-service/internal/services/roles.go:214.16,217.3 2 0
github.com/mathif92/auth-service/internal/services/roles.go:219.36,221.3 1 0
